2019-01-21 15:47:02,856 [INFO] [main] io.club.AdminApplication [Jdk14Logger.java : 99] Starting AdminApplication on DZAFC-BJB249 with PID 5716 (D:\code\cosmos\club-security\club-admin\target\classes started by liuyg in D:\code\cosmos\club-security)
2019-01-21 15:47:02,867 [DEBUG] [main] io.club.AdminApplication [Jdk14Logger.java : 99] Running with Spring Boot v2.0.5.RELEASE, Spring v5.0.9.RELEASE
2019-01-21 15:47:02,867 [INFO] [main] io.club.AdminApplication [Jdk14Logger.java : 99] The following profiles are active: dev
2019-01-21 15:47:02,989 [INFO] [main] o.s.b.w.s.c.AnnotationConfigServletWebServerApplicationContext [Jdk14Logger.java : 99] Refreshing org.springframework.boot.web.servlet.context.AnnotationConfigServletWebServerApplicationContext@87a85e1: startup date [Mon Jan 21 15:47:02 CST 2019]; root of context hierarchy
2019-01-21 15:47:06,792 [INFO] [main] o.s.data.repository.config.RepositoryConfigurationDelegate [RepositoryConfigurationDelegate.java : 172] Multiple Spring Data modules found, entering strict repository configuration mode!
2019-01-21 15:47:07,302 [INFO] [main] o.s.c.s.PostProcessorRegistrationDelegate$BeanPostProcessorChecker [Jdk14Logger.java : 99] Bean 'shiroConfig' of type [io.club.common.config.ShiroConfig$$EnhancerBySpringCGLIB$$5f21082b] is not eligible for getting processed by all BeanPostProcessors (for example: not eligible for auto-proxying)
2019-01-21 15:47:07,405 [INFO] [main] o.s.c.s.PostProcessorRegistrationDelegate$BeanPostProcessorChecker [Jdk14Logger.java : 99] Bean 'org.springframework.boot.context.properties.ConversionServiceDeducer$Factory' of type [org.springframework.boot.context.properties.ConversionServiceDeducer$Factory] is not eligible for getting processed by all BeanPostProcessors (for example: not eligible for auto-proxying)
2019-01-21 15:47:07,483 [INFO] [main] o.s.c.s.PostProcessorRegistrationDelegate$BeanPostProcessorChecker [Jdk14Logger.java : 99] Bean 'mybatis-plus-com.baomidou.mybatisplus.spring.boot.starter.MybatisPlusProperties' of type [com.baomidou.mybatisplus.spring.boot.starter.MybatisPlusProperties] is not eligible for getting processed by all BeanPostProcessors (for example: not eligible for auto-proxying)
2019-01-21 15:47:07,490 [INFO] [main] o.s.c.s.PostProcessorRegistrationDelegate$BeanPostProcessorChecker [Jdk14Logger.java : 99] Bean 'mybatisPlusConfig' of type [io.club.common.config.MybatisPlusConfig$$EnhancerBySpringCGLIB$$6c8de187] is not eligible for getting processed by all BeanPostProcessors (for example: not eligible for auto-proxying)
2019-01-21 15:47:07,504 [INFO] [main] o.s.c.s.PostProcessorRegistrationDelegate$BeanPostProcessorChecker [Jdk14Logger.java : 99] Bean 'paginationInterceptor' of type [com.baomidou.mybatisplus.plugins.PaginationInterceptor] is not eligible for getting processed by all BeanPostProcessors (for example: not eligible for auto-proxying)
2019-01-21 15:47:07,517 [INFO] [main] o.s.c.s.PostProcessorRegistrationDelegate$BeanPostProcessorChecker [Jdk14Logger.java : 99] Bean 'com.baomidou.mybatisplus.spring.boot.starter.MybatisPlusAutoConfiguration' of type [com.baomidou.mybatisplus.spring.boot.starter.MybatisPlusAutoConfiguration$$EnhancerBySpringCGLIB$$b09d76a9] is not eligible for getting processed by all BeanPostProcessors (for example: not eligible for auto-proxying)
2019-01-21 15:47:07,525 [INFO] [main] o.s.c.s.PostProcessorRegistrationDelegate$BeanPostProcessorChecker [Jdk14Logger.java : 99] Bean 'dynamicDataSourceConfig' of type [io.club.datasources.DynamicDataSourceConfig$$EnhancerBySpringCGLIB$$66769827] is not eligible for getting processed by all BeanPostProcessors (for example: not eligible for auto-proxying)
2019-01-21 15:47:07,589 [INFO] [main] o.s.c.s.PostProcessorRegistrationDelegate$BeanPostProcessorChecker [Jdk14Logger.java : 99] Bean 'spring.datasource-org.springframework.boot.autoconfigure.jdbc.DataSourceProperties' of type [org.springframework.boot.autoconfigure.jdbc.DataSourceProperties] is not eligible for getting processed by all BeanPostProcessors (for example: not eligible for auto-proxying)
2019-01-21 15:47:07,596 [INFO] [main] o.s.c.s.PostProcessorRegistrationDelegate$BeanPostProcessorChecker [Jdk14Logger.java : 99] Bean 'com.alibaba.druid.spring.boot.autoconfigure.stat.DruidFilterConfiguration' of type [com.alibaba.druid.spring.boot.autoconfigure.stat.DruidFilterConfiguration] is not eligible for getting processed by all BeanPostProcessors (for example: not eligible for auto-proxying)
2019-01-21 15:47:07,633 [INFO] [main] o.s.c.s.PostProcessorRegistrationDelegate$BeanPostProcessorChecker [Jdk14Logger.java : 99] Bean 'statFilter' of type [com.alibaba.druid.filter.stat.StatFilter] is not eligible for getting processed by all BeanPostProcessors (for example: not eligible for auto-proxying)
2019-01-21 15:47:07,660 [INFO] [main] o.s.c.s.PostProcessorRegistrationDelegate$BeanPostProcessorChecker [Jdk14Logger.java : 99] Bean 'firstDataSource' of type [com.alibaba.druid.spring.boot.autoconfigure.DruidDataSourceWrapper] is not eligible for getting processed by all BeanPostProcessors (for example: not eligible for auto-proxying)
2019-01-21 15:47:07,683 [INFO] [main] o.s.c.s.PostProcessorRegistrationDelegate$BeanPostProcessorChecker [Jdk14Logger.java : 99] Bean 'secondDataSource' of type [com.alibaba.druid.spring.boot.autoconfigure.DruidDataSourceWrapper] is not eligible for getting processed by all BeanPostProcessors (for example: not eligible for auto-proxying)
2019-01-21 15:47:07,691 [INFO] [main] o.s.c.s.PostProcessorRegistrationDelegate$BeanPostProcessorChecker [Jdk14Logger.java : 99] Bean 'dataSource' of type [io.club.datasources.DynamicDataSource] is not eligible for getting processed by all BeanPostProcessors (for example: not eligible for auto-proxying)
2019-01-21 15:47:07,892 [INFO] [main] com.alibaba.druid.pool.DruidDataSource [DruidDataSource.java : 930] {dataSource-1} inited
2019-01-21 15:47:08,791 [INFO] [main] o.s.c.s.PostProcessorRegistrationDelegate$BeanPostProcessorChecker [Jdk14Logger.java : 99] Bean 'sqlSessionFactory' of type [org.apache.ibatis.session.defaults.DefaultSqlSessionFactory] is not eligible for getting processed by all BeanPostProcessors (for example: not eligible for auto-proxying)
2019-01-21 15:47:08,798 [INFO] [main] o.s.c.s.PostProcessorRegistrationDelegate$BeanPostProcessorChecker [Jdk14Logger.java : 99] Bean 'sqlSessionTemplate' of type [org.mybatis.spring.SqlSessionTemplate] is not eligible for getting processed by all BeanPostProcessors (for example: not eligible for auto-proxying)
2019-01-21 15:47:08,798 [INFO] [main] o.s.c.s.PostProcessorRegistrationDelegate$BeanPostProcessorChecker [Jdk14Logger.java : 99] Bean 'sysUserDao' of type [org.mybatis.spring.mapper.MapperFactoryBean] is not eligible for getting processed by all BeanPostProcessors (for example: not eligible for auto-proxying)
2019-01-21 15:47:08,801 [INFO] [main] o.s.c.s.PostProcessorRegistrationDelegate$BeanPostProcessorChecker [Jdk14Logger.java : 99] Bean 'sysUserDao' of type [com.sun.proxy.$Proxy71] is not eligible for getting processed by all BeanPostProcessors (for example: not eligible for auto-proxying)
2019-01-21 15:47:08,804 [INFO] [main] o.s.c.s.PostProcessorRegistrationDelegate$BeanPostProcessorChecker [Jdk14Logger.java : 99] Bean 'sysMenuDao' of type [org.mybatis.spring.mapper.MapperFactoryBean] is not eligible for getting processed by all BeanPostProcessors (for example: not eligible for auto-proxying)
2019-01-21 15:47:08,805 [INFO] [main] o.s.c.s.PostProcessorRegistrationDelegate$BeanPostProcessorChecker [Jdk14Logger.java : 99] Bean 'sysMenuDao' of type [com.sun.proxy.$Proxy72] is not eligible for getting processed by all BeanPostProcessors (for example: not eligible for auto-proxying)
2019-01-21 15:47:08,806 [INFO] [main] o.s.c.s.PostProcessorRegistrationDelegate$BeanPostProcessorChecker [Jdk14Logger.java : 99] Bean 'userRealm' of type [io.club.modules.sys.shiro.UserRealm] is not eligible for getting processed by all BeanPostProcessors (for example: not eligible for auto-proxying)
2019-01-21 15:47:08,829 [INFO] [main] o.s.c.s.PostProcessorRegistrationDelegate$BeanPostProcessorChecker [Jdk14Logger.java : 99] Bean 'spring.redis-org.springframework.boot.autoconfigure.data.redis.RedisProperties' of type [org.springframework.boot.autoconfigure.data.redis.RedisProperties] is not eligible for getting processed by all BeanPostProcessors (for example: not eligible for auto-proxying)
2019-01-21 15:47:08,837 [INFO] [main] o.s.c.s.PostProcessorRegistrationDelegate$BeanPostProcessorChecker [Jdk14Logger.java : 99] Bean 'org.springframework.boot.autoconfigure.data.redis.LettuceConnectionConfiguration' of type [org.springframework.boot.autoconfigure.data.redis.LettuceConnectionConfiguration$$EnhancerBySpringCGLIB$$78179696] is not eligible for getting processed by all BeanPostProcessors (for example: not eligible for auto-proxying)
2019-01-21 15:47:09,026 [INFO] [main] o.s.c.s.PostProcessorRegistrationDelegate$BeanPostProcessorChecker [Jdk14Logger.java : 99] Bean 'lettuceClientResources' of type [io.lettuce.core.resource.DefaultClientResources] is not eligible for getting processed by all BeanPostProcessors (for example: not eligible for auto-proxying)
2019-01-21 15:47:09,245 [INFO] [main] o.s.c.s.PostProcessorRegistrationDelegate$BeanPostProcessorChecker [Jdk14Logger.java : 99] Bean 'redisConnectionFactory' of type [org.springframework.data.redis.connection.lettuce.LettuceConnectionFactory] is not eligible for getting processed by all BeanPostProcessors (for example: not eligible for auto-proxying)
2019-01-21 15:47:09,246 [INFO] [main] o.s.c.s.PostProcessorRegistrationDelegate$BeanPostProcessorChecker [Jdk14Logger.java : 99] Bean 'redisConfig' of type [io.club.common.config.RedisConfig$$EnhancerBySpringCGLIB$$a9ef8f75] is not eligible for getting processed by all BeanPostProcessors (for example: not eligible for auto-proxying)
2019-01-21 15:47:09,285 [INFO] [main] o.s.c.s.PostProcessorRegistrationDelegate$BeanPostProcessorChecker [Jdk14Logger.java : 99] Bean 'redisTemplate' of type [org.springframework.data.redis.core.RedisTemplate] is not eligible for getting processed by all BeanPostProcessors (for example: not eligible for auto-proxying)
2019-01-21 15:47:09,285 [INFO] [main] o.s.c.s.PostProcessorRegistrationDelegate$BeanPostProcessorChecker [Jdk14Logger.java : 99] Bean 'redisShiroSessionDAO' of type [io.club.modules.sys.shiro.RedisShiroSessionDAO] is not eligible for getting processed by all BeanPostProcessors (for example: not eligible for auto-proxying)
2019-01-21 15:47:09,311 [INFO] [main] o.s.c.s.PostProcessorRegistrationDelegate$BeanPostProcessorChecker [Jdk14Logger.java : 99] Bean 'sessionManager' of type [org.apache.shiro.web.session.mgt.DefaultWebSessionManager] is not eligible for getting processed by all BeanPostProcessors (for example: not eligible for auto-proxying)
2019-01-21 15:47:09,600 [INFO] [main] o.s.c.s.PostProcessorRegistrationDelegate$BeanPostProcessorChecker [Jdk14Logger.java : 99] Bean 'securityManager' of type [org.apache.shiro.web.mgt.DefaultWebSecurityManager] is not eligible for getting processed by all BeanPostProcessors (for example: not eligible for auto-proxying)
2019-01-21 15:47:09,684 [INFO] [main] o.s.c.s.PostProcessorRegistrationDelegate$BeanPostProcessorChecker [Jdk14Logger.java : 99] Bean 'authorizationAttributeSourceAdvisor' of type [org.apache.shiro.spring.security.interceptor.AuthorizationAttributeSourceAdvisor] is not eligible for getting processed by all BeanPostProcessors (for example: not eligible for auto-proxying)
2019-01-21 15:47:09,744 [INFO] [main] o.s.c.s.PostProcessorRegistrationDelegate$BeanPostProcessorChecker [Jdk14Logger.java : 99] Bean 'org.springframework.transaction.annotation.ProxyTransactionManagementConfiguration' of type [org.springframework.transaction.annotation.ProxyTransactionManagementConfiguration$$EnhancerBySpringCGLIB$$62fdd84c] is not eligible for getting processed by all BeanPostProcessors (for example: not eligible for auto-proxying)
2019-01-21 15:47:10,555 [INFO] [main] org.springframework.boot.web.embedded.tomcat.TomcatWebServer [Jdk14Logger.java : 99] Tomcat initialized with port(s): 8081 (http)
2019-01-21 15:47:10,611 [INFO] [main] org.apache.catalina.core.StandardService [DirectJDKLog.java : 180] Starting service [Tomcat]
2019-01-21 15:47:10,612 [INFO] [main] org.apache.catalina.core.StandardEngine [DirectJDKLog.java : 180] Starting Servlet Engine: Apache Tomcat/8.5.34
2019-01-21 15:47:10,616 [INFO] [localhost-startStop-1] org.apache.catalina.core.AprLifecycleListener [DirectJDKLog.java : 180] The APR based Apache Tomcat Native library which allows optimal performance in production environments was not found on the java.library.path: [C:\Program Files\Java\jdk1.8.0_171\bin;C:\WINDOWS\Sun\Java\bin;C:\WINDOWS\system32;C:\WINDOWS;C:\Program Files (x86)\Common Files\Oracle\Java\javapath;C:\WINDOWS\system32;C:\WINDOWS;C:\WINDOWS\System32\Wbem;C:\WINDOWS\System32\WindowsPowerShell\v1.0\;C:\Program Files\Java\jdk1.8.0_171\bin;C:\Program Files\Java\jdk1.8.0_171\jre\bin;D:\gitlab\Git\cmd;D:\apache-maven-3.5.4\bin;C:\Python27;C:\WINDOWS\System32\OpenSSH\;D:\oracle\Oracle Clien\instantclient_12_2;D:\navicat\Oracle Clien\instantclient_12_2;D:\navicat\Oracle Clien\instantclient_11_2;C:\Program Files\nodejs\;C:\Users\liuyg\AppData\Local\Microsoft\WindowsApps;C:\Users\liuyg\AppData\Local\GitHubDesktop\bin;C:\Users\liuyg\AppData\Local\Microsoft\WindowsApps;C:\Users\liuyg\AppData\Roaming\npm;.]
2019-01-21 15:47:10,754 [INFO] [localhost-startStop-1] o.a.c.core.ContainerBase.[Tomcat].[localhost].[/club-admin] [DirectJDKLog.java : 180] Initializing Spring embedded WebApplicationContext
2019-01-21 15:47:10,754 [INFO] [localhost-startStop-1] org.springframework.web.context.ContextLoader [Jdk14Logger.java : 99] Root WebApplicationContext: initialization completed in 7765 ms
2019-01-21 15:47:10,939 [INFO] [localhost-startStop-1] org.springframework.boot.web.servlet.FilterRegistrationBean [Jdk14Logger.java : 99] Mapping filter: 'characterEncodingFilter' to: [/*]
2019-01-21 15:47:10,939 [INFO] [localhost-startStop-1] org.springframework.boot.web.servlet.FilterRegistrationBean [Jdk14Logger.java : 99] Mapping filter: 'hiddenHttpMethodFilter' to: [/*]
2019-01-21 15:47:10,939 [INFO] [localhost-startStop-1] org.springframework.boot.web.servlet.FilterRegistrationBean [Jdk14Logger.java : 99] Mapping filter: 'httpPutFormContentFilter' to: [/*]
2019-01-21 15:47:10,940 [INFO] [localhost-startStop-1] org.springframework.boot.web.servlet.FilterRegistrationBean [Jdk14Logger.java : 99] Mapping filter: 'requestContextFilter' to: [/*]
2019-01-21 15:47:10,940 [INFO] [localhost-startStop-1] org.springframework.boot.web.servlet.FilterRegistrationBean [Jdk14Logger.java : 99] Mapping filter: 'delegatingFilterProxy' to urls: [/*]
2019-01-21 15:47:10,940 [INFO] [localhost-startStop-1] org.springframework.boot.web.servlet.FilterRegistrationBean [Jdk14Logger.java : 99] Mapping filter: 'xssFilter' to urls: [/*]
2019-01-21 15:47:10,940 [INFO] [localhost-startStop-1] org.springframework.boot.web.servlet.FilterRegistrationBean [Jdk14Logger.java : 99] Mapping filter: 'webStatFilter' to urls: [/*]
2019-01-21 15:47:10,940 [INFO] [localhost-startStop-1] org.springframework.boot.web.servlet.FilterRegistrationBean [Jdk14Logger.java : 99] Mapping filter: 'shiroFilter' to: [/*]
2019-01-21 15:47:10,941 [INFO] [localhost-startStop-1] org.springframework.boot.web.servlet.ServletRegistrationBean [Jdk14Logger.java : 99] Servlet dispatcherServlet mapped to [/]
2019-01-21 15:47:10,942 [INFO] [localhost-startStop-1] org.springframework.boot.web.servlet.ServletRegistrationBean [Jdk14Logger.java : 99] Servlet statViewServlet mapped to [/druid/*]
2019-01-21 15:47:12,342 [INFO] [main] o.s.w.s.mvc.method.annotation.RequestMappingHandlerMapping [Jdk14Logger.java : 99] Mapped "{[/product/product/update]}" onto public io.club.common.utils.R io.club.modules.sys.controller.ProductController.update(io.club.modules.sys.entity.ProductEntity)
2019-01-21 15:47:12,343 [INFO] [main] o.s.w.s.mvc.method.annotation.RequestMappingHandlerMapping [Jdk14Logger.java : 99] Mapped "{[/product/product/delete]}" onto public io.club.common.utils.R io.club.modules.sys.controller.ProductController.delete(java.lang.Long[])
2019-01-21 15:47:12,344 [INFO] [main] o.s.w.s.mvc.method.annotation.RequestMappingHandlerMapping [Jdk14Logger.java : 99] Mapped "{[/product/product/list]}" onto public io.club.common.utils.R io.club.modules.sys.controller.ProductController.list(java.util.Map<java.lang.String, java.lang.Object>)
2019-01-21 15:47:12,345 [INFO] [main] o.s.w.s.mvc.method.annotation.RequestMappingHandlerMapping [Jdk14Logger.java : 99] Mapped "{[/product/product/save]}" onto public io.club.common.utils.R io.club.modules.sys.controller.ProductController.save(io.club.modules.sys.entity.ProductEntity)
2019-01-21 15:47:12,346 [INFO] [main] o.s.w.s.mvc.method.annotation.RequestMappingHandlerMapping [Jdk14Logger.java : 99] Mapped "{[/product/product/info/{id}]}" onto public io.club.common.utils.R io.club.modules.sys.controller.ProductController.info(java.lang.Long)
2019-01-21 15:47:12,346 [INFO] [main] o.s.w.s.mvc.method.annotation.RequestMappingHandlerMapping [Jdk14Logger.java : 99] Mapped "{[/product/product/kind]}" onto public java.util.List<io.club.modules.sys.entity.ProductEntity> io.club.modules.sys.controller.ProductController.kind()
2019-01-21 15:47:12,347 [INFO] [main] o.s.w.s.mvc.method.annotation.RequestMappingHandlerMapping [Jdk14Logger.java : 99] Mapped "{[/product/product/list2]}" onto public java.util.List<io.club.modules.sys.entity.ProductEntity> io.club.modules.sys.controller.ProductController.list2()
2019-01-21 15:47:12,350 [INFO] [main] o.s.w.s.mvc.method.annotation.RequestMappingHandlerMapping [Jdk14Logger.java : 99] Mapped "{[/sys/dept/update]}" onto public io.club.common.utils.R io.club.modules.sys.controller.SysDeptController.update(io.club.modules.sys.entity.SysDeptEntity)
2019-01-21 15:47:12,351 [INFO] [main] o.s.w.s.mvc.method.annotation.RequestMappingHandlerMapping [Jdk14Logger.java : 99] Mapped "{[/sys/dept/delete]}" onto public io.club.common.utils.R io.club.modules.sys.controller.SysDeptController.delete(long)
2019-01-21 15:47:12,351 [INFO] [main] o.s.w.s.mvc.method.annotation.RequestMappingHandlerMapping [Jdk14Logger.java : 99] Mapped "{[/sys/dept/list]}" onto public java.util.List<io.club.modules.sys.entity.SysDeptEntity> io.club.modules.sys.controller.SysDeptController.list()
2019-01-21 15:47:12,352 [INFO] [main] o.s.w.s.mvc.method.annotation.RequestMappingHandlerMapping [Jdk14Logger.java : 99] Mapped "{[/sys/dept/save]}" onto public io.club.common.utils.R io.club.modules.sys.controller.SysDeptController.save(io.club.modules.sys.entity.SysDeptEntity)
2019-01-21 15:47:12,352 [INFO] [main] o.s.w.s.mvc.method.annotation.RequestMappingHandlerMapping [Jdk14Logger.java : 99] Mapped "{[/sys/dept/select]}" onto public io.club.common.utils.R io.club.modules.sys.controller.SysDeptController.select()
2019-01-21 15:47:12,352 [INFO] [main] o.s.w.s.mvc.method.annotation.RequestMappingHandlerMapping [Jdk14Logger.java : 99] Mapped "{[/sys/dept/info/{deptId}]}" onto public io.club.common.utils.R io.club.modules.sys.controller.SysDeptController.info(java.lang.Long)
2019-01-21 15:47:12,353 [INFO] [main] o.s.w.s.mvc.method.annotation.RequestMappingHandlerMapping [Jdk14Logger.java : 99] Mapped "{[/sys/dept/info]}" onto public io.club.common.utils.R io.club.modules.sys.controller.SysDeptController.info()
2019-01-21 15:47:12,354 [INFO] [main] o.s.w.s.mvc.method.annotation.RequestMappingHandlerMapping [Jdk14Logger.java : 99] Mapped "{[/sys/log/list]}" onto public io.club.common.utils.R io.club.modules.sys.controller.SysLogController.list(java.util.Map<java.lang.String, java.lang.Object>)
2019-01-21 15:47:12,354 [INFO] [main] o.s.w.s.mvc.method.annotation.RequestMappingHandlerMapping [Jdk14Logger.java : 99] Mapped "{[/sys/log/sum]}" onto public java.lang.Double io.club.modules.sys.controller.SysLogController.sum(java.util.Map<java.lang.String, java.lang.Object>)
2019-01-21 15:47:12,355 [INFO] [main] o.s.w.s.mvc.method.annotation.RequestMappingHandlerMapping [Jdk14Logger.java : 99] Mapped "{[/captcha.jpg]}" onto public void io.club.modules.sys.controller.SysLoginController.captcha(javax.servlet.http.HttpServletResponse) throws java.io.IOException
2019-01-21 15:47:12,356 [INFO] [main] o.s.w.s.mvc.method.annotation.RequestMappingHandlerMapping [Jdk14Logger.java : 99] Mapped "{[/sys/login],methods=[POST]}" onto public io.club.common.utils.R io.club.modules.sys.controller.SysLoginController.login(java.lang.String,java.lang.String,java.lang.String)
2019-01-21 15:47:12,356 [INFO] [main] o.s.w.s.mvc.method.annotation.RequestMappingHandlerMapping [Jdk14Logger.java : 99] Mapped "{[/logout],methods=[GET]}" onto public java.lang.String io.club.modules.sys.controller.SysLoginController.logout()
2019-01-21 15:47:12,357 [INFO] [main] o.s.w.s.mvc.method.annotation.RequestMappingHandlerMapping [Jdk14Logger.java : 99] Mapped "{[/sys/menu/update]}" onto public io.club.common.utils.R io.club.modules.sys.controller.SysMenuController.update(io.club.modules.sys.entity.SysMenuEntity)
2019-01-21 15:47:12,358 [INFO] [main] o.s.w.s.mvc.method.annotation.RequestMappingHandlerMapping [Jdk14Logger.java : 99] Mapped "{[/sys/menu/delete]}" onto public io.club.common.utils.R io.club.modules.sys.controller.SysMenuController.delete(long)
2019-01-21 15:47:12,359 [INFO] [main] o.s.w.s.mvc.method.annotation.RequestMappingHandlerMapping [Jdk14Logger.java : 99] Mapped "{[/sys/menu/list]}" onto public java.util.List<io.club.modules.sys.entity.SysMenuEntity> io.club.modules.sys.controller.SysMenuController.list()
2019-01-21 15:47:12,359 [INFO] [main] o.s.w.s.mvc.method.annotation.RequestMappingHandlerMapping [Jdk14Logger.java : 99] Mapped "{[/sys/menu/save]}" onto public io.club.common.utils.R io.club.modules.sys.controller.SysMenuController.save(io.club.modules.sys.entity.SysMenuEntity)
2019-01-21 15:47:12,360 [INFO] [main] o.s.w.s.mvc.method.annotation.RequestMappingHandlerMapping [Jdk14Logger.java : 99] Mapped "{[/sys/menu/select]}" onto public io.club.common.utils.R io.club.modules.sys.controller.SysMenuController.select()
2019-01-21 15:47:12,360 [INFO] [main] o.s.w.s.mvc.method.annotation.RequestMappingHandlerMapping [Jdk14Logger.java : 99] Mapped "{[/sys/menu/info/{menuId}]}" onto public io.club.common.utils.R io.club.modules.sys.controller.SysMenuController.info(java.lang.Long)
2019-01-21 15:47:12,361 [INFO] [main] o.s.w.s.mvc.method.annotation.RequestMappingHandlerMapping [Jdk14Logger.java : 99] Mapped "{[/sys/menu/nav]}" onto public io.club.common.utils.R io.club.modules.sys.controller.SysMenuController.nav()
2019-01-21 15:47:12,362 [INFO] [main] o.s.w.s.mvc.method.annotation.RequestMappingHandlerMapping [Jdk14Logger.java : 99] Mapped "{[/ || /index.html]}" onto public java.lang.String io.club.modules.sys.controller.SysPageController.index()
2019-01-21 15:47:12,362 [INFO] [main] o.s.w.s.mvc.method.annotation.RequestMappingHandlerMapping [Jdk14Logger.java : 99] Mapped "{[/main.html]}" onto public java.lang.String io.club.modules.sys.controller.SysPageController.main()
2019-01-21 15:47:12,363 [INFO] [main] o.s.w.s.mvc.method.annotation.RequestMappingHandlerMapping [Jdk14Logger.java : 99] Mapped "{[/index1.html]}" onto public java.lang.String io.club.modules.sys.controller.SysPageController.index1()
2019-01-21 15:47:12,363 [INFO] [main] o.s.w.s.mvc.method.annotation.RequestMappingHandlerMapping [Jdk14Logger.java : 99] Mapped "{[/modules/{module}/{url}.html]}" onto public java.lang.String io.club.modules.sys.controller.SysPageController.module(java.lang.String,java.lang.String)
2019-01-21 15:47:12,363 [INFO] [main] o.s.w.s.mvc.method.annotation.RequestMappingHandlerMapping [Jdk14Logger.java : 99] Mapped "{[/login.html]}" onto public java.lang.String io.club.modules.sys.controller.SysPageController.login()
2019-01-21 15:47:12,364 [INFO] [main] o.s.w.s.mvc.method.annotation.RequestMappingHandlerMapping [Jdk14Logger.java : 99] Mapped "{[/404.html]}" onto public java.lang.String io.club.modules.sys.controller.SysPageController.notFound()
2019-01-21 15:47:12,365 [INFO] [main] o.s.w.s.mvc.method.annotation.RequestMappingHandlerMapping [Jdk14Logger.java : 99] Mapped "{[/sys/role/update]}" onto public io.club.common.utils.R io.club.modules.sys.controller.SysRoleController.update(io.club.modules.sys.entity.SysRoleEntity)
2019-01-21 15:47:12,366 [INFO] [main] o.s.w.s.mvc.method.annotation.RequestMappingHandlerMapping [Jdk14Logger.java : 99] Mapped "{[/sys/role/delete]}" onto public io.club.common.utils.R io.club.modules.sys.controller.SysRoleController.delete(java.lang.Long[])
2019-01-21 15:47:12,367 [INFO] [main] o.s.w.s.mvc.method.annotation.RequestMappingHandlerMapping [Jdk14Logger.java : 99] Mapped "{[/sys/role/list]}" onto public io.club.common.utils.R io.club.modules.sys.controller.SysRoleController.list(java.util.Map<java.lang.String, java.lang.Object>)
2019-01-21 15:47:12,367 [INFO] [main] o.s.w.s.mvc.method.annotation.RequestMappingHandlerMapping [Jdk14Logger.java : 99] Mapped "{[/sys/role/save]}" onto public io.club.common.utils.R io.club.modules.sys.controller.SysRoleController.save(io.club.modules.sys.entity.SysRoleEntity)
2019-01-21 15:47:12,368 [INFO] [main] o.s.w.s.mvc.method.annotation.RequestMappingHandlerMapping [Jdk14Logger.java : 99] Mapped "{[/sys/role/select]}" onto public io.club.common.utils.R io.club.modules.sys.controller.SysRoleController.select()
2019-01-21 15:47:12,368 [INFO] [main] o.s.w.s.mvc.method.annotation.RequestMappingHandlerMapping [Jdk14Logger.java : 99] Mapped "{[/sys/role/info/{roleId}]}" onto public io.club.common.utils.R io.club.modules.sys.controller.SysRoleController.info(java.lang.Long)
2019-01-21 15:47:12,369 [INFO] [main] o.s.w.s.mvc.method.annotation.RequestMappingHandlerMapping [Jdk14Logger.java : 99] Mapped "{[/sys/user/update]}" onto public io.club.common.utils.R io.club.modules.sys.controller.SysUserController.update(io.club.modules.sys.entity.SysUserEntity)
2019-01-21 15:47:12,370 [INFO] [main] o.s.w.s.mvc.method.annotation.RequestMappingHandlerMapping [Jdk14Logger.java : 99] Mapped "{[/sys/user/delete]}" onto public io.club.common.utils.R io.club.modules.sys.controller.SysUserController.delete(java.lang.Long[])
2019-01-21 15:47:12,370 [INFO] [main] o.s.w.s.mvc.method.annotation.RequestMappingHandlerMapping [Jdk14Logger.java : 99] Mapped "{[/sys/user/list]}" onto public io.club.common.utils.R io.club.modules.sys.controller.SysUserController.list(java.util.Map<java.lang.String, java.lang.Object>)
2019-01-21 15:47:12,371 [INFO] [main] o.s.w.s.mvc.method.annotation.RequestMappingHandlerMapping [Jdk14Logger.java : 99] Mapped "{[/sys/user/save]}" onto public io.club.common.utils.R io.club.modules.sys.controller.SysUserController.save(io.club.modules.sys.entity.SysUserEntity)
2019-01-21 15:47:12,372 [INFO] [main] o.s.w.s.mvc.method.annotation.RequestMappingHandlerMapping [Jdk14Logger.java : 99] Mapped "{[/sys/user/info/{userId}]}" onto public io.club.common.utils.R io.club.modules.sys.controller.SysUserController.info(java.lang.Long)
2019-01-21 15:47:12,372 [INFO] [main] o.s.w.s.mvc.method.annotation.RequestMappingHandlerMapping [Jdk14Logger.java : 99] Mapped "{[/sys/user/info]}" onto public io.club.common.utils.R io.club.modules.sys.controller.SysUserController.info()
2019-01-21 15:47:12,372 [INFO] [main] o.s.w.s.mvc.method.annotation.RequestMappingHandlerMapping [Jdk14Logger.java : 99] Mapped "{[/sys/user/password]}" onto public io.club.common.utils.R io.club.modules.sys.controller.SysUserController.password(java.lang.String,java.lang.String)
2019-01-21 15:47:12,374 [INFO] [main] o.s.w.s.mvc.method.annotation.RequestMappingHandlerMapping [Jdk14Logger.java : 99] Mapped "{[/sys/dict/update]}" onto public io.club.common.utils.R io.club.modules.sys.controller.VipController.update(io.club.modules.sys.entity.VipEntity)
2019-01-21 15:47:12,374 [INFO] [main] o.s.w.s.mvc.method.annotation.RequestMappingHandlerMapping [Jdk14Logger.java : 99] Mapped "{[/sys/dict/delete]}" onto public io.club.common.utils.R io.club.modules.sys.controller.VipController.delete(java.lang.Long[])
2019-01-21 15:47:12,375 [INFO] [main] o.s.w.s.mvc.method.annotation.RequestMappingHandlerMapping [Jdk14Logger.java : 99] Mapped "{[/sys/dict/list]}" onto public io.club.common.utils.R io.club.modules.sys.controller.VipController.list(java.util.Map<java.lang.String, java.lang.Object>)
2019-01-21 15:47:12,375 [INFO] [main] o.s.w.s.mvc.method.annotation.RequestMappingHandlerMapping [Jdk14Logger.java : 99] Mapped "{[/sys/dict/save]}" onto public io.club.common.utils.R io.club.modules.sys.controller.VipController.save(io.club.modules.sys.entity.VipEntity)
2019-01-21 15:47:12,376 [INFO] [main] o.s.w.s.mvc.method.annotation.RequestMappingHandlerMapping [Jdk14Logger.java : 99] Mapped "{[/sys/dict/info/{id}]}" onto public io.club.common.utils.R io.club.modules.sys.controller.VipController.info(java.lang.Long)
2019-01-21 15:47:12,380 [INFO] [main] o.s.w.s.mvc.method.annotation.RequestMappingHandlerMapping [Jdk14Logger.java : 99] Mapped "{[/swagger-resources]}" onto public org.springframework.http.ResponseEntity<java.util.List<springfox.documentation.swagger.web.SwaggerResource>> springfox.documentation.swagger.web.ApiResourceController.swaggerResources()
2019-01-21 15:47:12,381 [INFO] [main] o.s.w.s.mvc.method.annotation.RequestMappingHandlerMapping [Jdk14Logger.java : 99] Mapped "{[/swagger-resources/configuration/ui]}" onto public org.springframework.http.ResponseEntity<springfox.documentation.swagger.web.UiConfiguration> springfox.documentation.swagger.web.ApiResourceController.uiConfiguration()
2019-01-21 15:47:12,382 [INFO] [main] o.s.w.s.mvc.method.annotation.RequestMappingHandlerMapping [Jdk14Logger.java : 99] Mapped "{[/swagger-resources/configuration/security]}" onto public org.springframework.http.ResponseEntity<springfox.documentation.swagger.web.SecurityConfiguration> springfox.documentation.swagger.web.ApiResourceController.securityConfiguration()
2019-01-21 15:47:12,385 [INFO] [main] o.s.w.s.mvc.method.annotation.RequestMappingHandlerMapping [Jdk14Logger.java : 99] Mapped "{[/error]}" onto public org.springframework.http.ResponseEntity<java.util.Map<java.lang.String, java.lang.Object>> org.springframework.boot.autoconfigure.web.servlet.error.BasicErrorController.error(javax.servlet.http.HttpServletRequest)
2019-01-21 15:47:12,387 [INFO] [main] o.s.w.s.mvc.method.annotation.RequestMappingHandlerMapping [Jdk14Logger.java : 99] Mapped "{[/error],produces=[text/html]}" onto public org.springframework.web.servlet.ModelAndView org.springframework.boot.autoconfigure.web.servlet.error.BasicErrorController.errorHtml(javax.servlet.http.HttpServletRequest,javax.servlet.http.HttpServletResponse)
2019-01-21 15:47:12,630 [INFO] [main] o.s.web.servlet.view.freemarker.FreeMarkerConfigurer [Jdk14Logger.java : 99] ClassTemplateLoader for Spring macros added to FreeMarker configuration
2019-01-21 15:47:12,714 [INFO] [main] s.d.spring.web.PropertySourcedRequestMappingHandlerMapping [Jdk14Logger.java : 99] Mapped URL path [/v2/api-docs] onto method [public org.springframework.http.ResponseEntity<springfox.documentation.spring.web.json.Json> springfox.documentation.swagger2.web.Swagger2Controller.getDocumentation(java.lang.String,javax.servlet.http.HttpServletRequest)]
2019-01-21 15:47:12,928 [INFO] [main] o.s.web.servlet.handler.SimpleUrlHandlerMapping [Jdk14Logger.java : 99] Mapped URL path [/**/favicon.ico] onto handler of type [class org.springframework.web.servlet.resource.ResourceHttpRequestHandler]
2019-01-21 15:47:13,194 [INFO] [main] o.s.w.s.mvc.method.annotation.RequestMappingHandlerAdapter [Jdk14Logger.java : 99] Looking for @ControllerAdvice: org.springframework.boot.web.servlet.context.AnnotationConfigServletWebServerApplicationContext@87a85e1: startup date [Mon Jan 21 15:47:02 CST 2019]; root of context hierarchy
2019-01-21 15:47:13,264 [INFO] [main] o.s.web.servlet.handler.SimpleUrlHandlerMapping [Jdk14Logger.java : 99] Mapped URL path [/webjars/**] onto handler of type [class org.springframework.web.servlet.resource.ResourceHttpRequestHandler]
2019-01-21 15:47:13,264 [INFO] [main] o.s.web.servlet.handler.SimpleUrlHandlerMapping [Jdk14Logger.java : 99] Mapped URL path [/**] onto handler of type [class org.springframework.web.servlet.resource.ResourceHttpRequestHandler]
2019-01-21 15:47:13,264 [INFO] [main] o.s.web.servlet.handler.SimpleUrlHandlerMapping [Jdk14Logger.java : 99] Mapped URL path [/statics/**] onto handler of type [class org.springframework.web.servlet.resource.ResourceHttpRequestHandler]
2019-01-21 15:47:13,289 [INFO] [main] o.s.w.s.m.m.annotation.ExceptionHandlerExceptionResolver [Jdk14Logger.java : 99] Detected @ExceptionHandler methods in RRExceptionHandler
2019-01-21 15:47:13,356 [INFO] [main] o.s.boot.autoconfigure.web.servlet.WelcomePageHandlerMapping [Jdk14Logger.java : 99] Adding welcome page template: index
2019-01-21 15:47:14,001 [INFO] [main] org.quartz.impl.StdSchedulerFactory [StdSchedulerFactory.java : 1208] Using default implementation for ThreadExecutor
2019-01-21 15:47:14,011 [INFO] [main] org.quartz.core.SchedulerSignalerImpl [SchedulerSignalerImpl.java : 61] Initialized Scheduler Signaller of type: class org.quartz.core.SchedulerSignalerImpl
2019-01-21 15:47:14,011 [INFO] [main] org.quartz.core.QuartzScheduler [QuartzScheduler.java : 229] Quartz Scheduler v.2.3.0 created.
2019-01-21 15:47:14,011 [INFO] [main] org.quartz.simpl.RAMJobStore [RAMJobStore.java : 155] RAMJobStore initialized.
2019-01-21 15:47:14,012 [INFO] [main] org.quartz.core.QuartzScheduler [QuartzScheduler.java : 294] Scheduler meta-data: Quartz Scheduler (v2.3.0) 'quartzScheduler' with instanceId 'NON_CLUSTERED'
  Scheduler class: 'org.quartz.core.QuartzScheduler' - running locally.
  NOT STARTED.
  Currently in standby mode.
  Number of jobs executed: 0
  Using thread pool 'org.quartz.simpl.SimpleThreadPool' - with 10 threads.
  Using job-store 'org.quartz.simpl.RAMJobStore' - which does not support persistence. and is not clustered.

2019-01-21 15:47:14,012 [INFO] [main] org.quartz.impl.StdSchedulerFactory [StdSchedulerFactory.java : 1362] Quartz scheduler 'quartzScheduler' initialized from an externally provided properties instance.
2019-01-21 15:47:14,012 [INFO] [main] org.quartz.impl.StdSchedulerFactory [StdSchedulerFactory.java : 1366] Quartz scheduler version: 2.3.0
2019-01-21 15:47:14,013 [INFO] [main] org.quartz.core.QuartzScheduler [QuartzScheduler.java : 2287] JobFactory set to: org.springframework.boot.autoconfigure.quartz.AutowireCapableBeanJobFactory@77ccded4
2019-01-21 15:47:14,144 [INFO] [main] o.s.jmx.export.annotation.AnnotationMBeanExporter [Jdk14Logger.java : 99] Registering beans for JMX exposure on startup
2019-01-21 15:47:14,146 [INFO] [main] o.s.jmx.export.annotation.AnnotationMBeanExporter [Jdk14Logger.java : 99] Bean with name 'firstDataSource' has been autodetected for JMX exposure
2019-01-21 15:47:14,146 [INFO] [main] o.s.jmx.export.annotation.AnnotationMBeanExporter [Jdk14Logger.java : 99] Bean with name 'secondDataSource' has been autodetected for JMX exposure
2019-01-21 15:47:14,147 [INFO] [main] o.s.jmx.export.annotation.AnnotationMBeanExporter [Jdk14Logger.java : 99] Bean with name 'statFilter' has been autodetected for JMX exposure
2019-01-21 15:47:14,154 [INFO] [main] o.s.jmx.export.annotation.AnnotationMBeanExporter [Jdk14Logger.java : 99] Located MBean 'firstDataSource': registering with JMX server as MBean [com.alibaba.druid.spring.boot.autoconfigure:name=firstDataSource,type=DruidDataSourceWrapper]
2019-01-21 15:47:14,155 [INFO] [main] o.s.jmx.export.annotation.AnnotationMBeanExporter [Jdk14Logger.java : 99] Located MBean 'secondDataSource': registering with JMX server as MBean [com.alibaba.druid.spring.boot.autoconfigure:name=secondDataSource,type=DruidDataSourceWrapper]
2019-01-21 15:47:14,156 [INFO] [main] o.s.jmx.export.annotation.AnnotationMBeanExporter [Jdk14Logger.java : 99] Located MBean 'statFilter': registering with JMX server as MBean [com.alibaba.druid.filter.stat:name=statFilter,type=StatFilter]
2019-01-21 15:47:14,162 [INFO] [main] o.springframework.context.support.DefaultLifecycleProcessor [Jdk14Logger.java : 99] Starting beans in phase 2147483647
2019-01-21 15:47:14,162 [INFO] [main] s.d.spring.web.plugins.DocumentationPluginsBootstrapper [DocumentationPluginsBootstrapper.java : 147] Context refreshed
2019-01-21 15:47:14,176 [INFO] [main] s.d.spring.web.plugins.DocumentationPluginsBootstrapper [DocumentationPluginsBootstrapper.java : 150] Found 1 custom documentation plugin(s)
2019-01-21 15:47:14,212 [INFO] [main] s.d.spring.web.scanners.ApiListingReferenceScanner [ApiListingReferenceScanner.java : 41] Scanning for api listing references
2019-01-21 15:47:14,227 [INFO] [main] org.springframework.scheduling.quartz.SchedulerFactoryBean [Jdk14Logger.java : 99] Starting Quartz Scheduler now
2019-01-21 15:47:14,227 [INFO] [main] org.quartz.core.QuartzScheduler [QuartzScheduler.java : 547] Scheduler quartzScheduler_$_NON_CLUSTERED started.
2019-01-21 15:47:14,294 [INFO] [main] org.springframework.boot.web.embedded.tomcat.TomcatWebServer [Jdk14Logger.java : 99] Tomcat started on port(s): 8081 (http) with context path '/club-admin'
2019-01-21 15:47:14,300 [INFO] [main] io.club.AdminApplication [Jdk14Logger.java : 99] Started AdminApplication in 12.681 seconds (JVM running for 15.738)
2019-01-21 15:47:24,934 [INFO] [http-nio-8081-exec-3] o.a.c.core.ContainerBase.[Tomcat].[localhost].[/club-admin] [DirectJDKLog.java : 180] Initializing Spring FrameworkServlet 'dispatcherServlet'
2019-01-21 15:47:24,936 [INFO] [http-nio-8081-exec-3] org.springframework.web.servlet.DispatcherServlet [Jdk14Logger.java : 99] FrameworkServlet 'dispatcherServlet': initialization started
2019-01-21 15:47:24,974 [INFO] [http-nio-8081-exec-3] org.springframework.web.servlet.DispatcherServlet [Jdk14Logger.java : 99] FrameworkServlet 'dispatcherServlet': initialization completed in 38 ms
2019-01-21 15:47:24,997 [INFO] [http-nio-8081-exec-3] o.apache.shiro.session.mgt.AbstractValidatingSessionManager [AbstractValidatingSessionManager.java : 233] Enabling session validation scheduler...
2019-01-21 15:47:32,117 [DEBUG] [http-nio-8081-exec-18] io.club.modules.sys.dao.SysUserDao.selectOne [BaseJdbcLogger.java : 159] ==>  Preparing: SELECT user_id AS userId,username,`password`,salt,email,mobile,`status`,create_time AS createTime,dept_id AS deptId FROM sys_user WHERE username=? 
2019-01-21 15:47:32,141 [DEBUG] [http-nio-8081-exec-18] io.club.modules.sys.dao.SysUserDao.selectOne [BaseJdbcLogger.java : 159] ==> Parameters: admin(String)
2019-01-21 15:47:32,171 [DEBUG] [http-nio-8081-exec-18] io.club.modules.sys.dao.SysUserDao.selectOne [BaseJdbcLogger.java : 159] <==      Total: 1
2019-01-21 15:47:32,551 [DEBUG] [http-nio-8081-exec-24] io.club.modules.sys.dao.SysMenuDao.queryListParentId [BaseJdbcLogger.java : 159] ==>  Preparing: select * from sys_menu where parent_id = ? order by order_num asc 
2019-01-21 15:47:32,553 [DEBUG] [http-nio-8081-exec-24] io.club.modules.sys.dao.SysMenuDao.queryListParentId [BaseJdbcLogger.java : 159] ==> Parameters: 0(Long)
2019-01-21 15:47:32,570 [DEBUG] [http-nio-8081-exec-24] io.club.modules.sys.dao.SysMenuDao.queryListParentId [BaseJdbcLogger.java : 159] <==      Total: 6
2019-01-21 15:47:32,572 [DEBUG] [http-nio-8081-exec-24] io.club.modules.sys.dao.SysMenuDao.queryListParentId [BaseJdbcLogger.java : 159] ==>  Preparing: select * from sys_menu where parent_id = ? order by order_num asc 
2019-01-21 15:47:32,573 [DEBUG] [http-nio-8081-exec-24] io.club.modules.sys.dao.SysMenuDao.queryListParentId [BaseJdbcLogger.java : 159] ==> Parameters: 1(Long)
2019-01-21 15:47:32,594 [DEBUG] [http-nio-8081-exec-24] io.club.modules.sys.dao.SysMenuDao.queryListParentId [BaseJdbcLogger.java : 159] <==      Total: 2
2019-01-21 15:47:32,597 [DEBUG] [http-nio-8081-exec-24] io.club.modules.sys.dao.SysMenuDao.queryListParentId [BaseJdbcLogger.java : 159] ==>  Preparing: select * from sys_menu where parent_id = ? order by order_num asc 
2019-01-21 15:47:32,599 [DEBUG] [http-nio-8081-exec-24] io.club.modules.sys.dao.SysMenuDao.queryListParentId [BaseJdbcLogger.java : 159] ==> Parameters: 41(Long)
2019-01-21 15:47:32,613 [DEBUG] [http-nio-8081-exec-24] io.club.modules.sys.dao.SysMenuDao.queryListParentId [BaseJdbcLogger.java : 159] <==      Total: 2
2019-01-21 15:47:32,811 [DEBUG] [http-nio-8081-exec-28] io.club.modules.sys.dao.SysMenuDao.selectList [BaseJdbcLogger.java : 159] ==>  Preparing: SELECT menu_id AS menuId,parent_id AS parentId,`name`,url,perms,`type`,icon,order_num AS orderNum FROM sys_menu 
2019-01-21 15:47:32,812 [DEBUG] [http-nio-8081-exec-28] io.club.modules.sys.dao.SysMenuDao.selectList [BaseJdbcLogger.java : 159] ==> Parameters: 
2019-01-21 15:47:32,836 [DEBUG] [http-nio-8081-exec-28] io.club.modules.sys.dao.SysMenuDao.selectList [BaseJdbcLogger.java : 159] <==      Total: 34
2019-01-21 15:47:32,838 [DEBUG] [http-nio-8081-exec-28] io.club.modules.sys.dao.SysMenuDao.selectList [BaseJdbcLogger.java : 159] ==>  Preparing: SELECT menu_id AS menuId,parent_id AS parentId,`name`,url,perms,`type`,icon,order_num AS orderNum FROM sys_menu 
2019-01-21 15:47:32,839 [DEBUG] [http-nio-8081-exec-28] io.club.modules.sys.dao.SysMenuDao.selectList [BaseJdbcLogger.java : 159] ==> Parameters: 
2019-01-21 15:47:32,883 [DEBUG] [http-nio-8081-exec-28] io.club.modules.sys.dao.SysMenuDao.selectList [BaseJdbcLogger.java : 159] <==      Total: 34
2019-01-21 15:47:32,892 [DEBUG] [http-nio-8081-exec-28] io.club.modules.sys.dao.SysMenuDao.selectList [BaseJdbcLogger.java : 159] ==>  Preparing: SELECT menu_id AS menuId,parent_id AS parentId,`name`,url,perms,`type`,icon,order_num AS orderNum FROM sys_menu 
2019-01-21 15:47:32,893 [DEBUG] [http-nio-8081-exec-28] io.club.modules.sys.dao.SysMenuDao.selectList [BaseJdbcLogger.java : 159] ==> Parameters: 
2019-01-21 15:47:32,911 [DEBUG] [http-nio-8081-exec-28] io.club.modules.sys.dao.SysMenuDao.selectList [BaseJdbcLogger.java : 159] <==      Total: 34
2019-01-21 15:47:33,483 [DEBUG] [http-nio-8081-exec-7] io.club.modules.sys.dao.SysMenuDao.selectList [BaseJdbcLogger.java : 159] ==>  Preparing: SELECT menu_id AS menuId,parent_id AS parentId,`name`,url,perms,`type`,icon,order_num AS orderNum FROM sys_menu 
2019-01-21 15:47:33,484 [DEBUG] [http-nio-8081-exec-7] io.club.modules.sys.dao.SysMenuDao.selectList [BaseJdbcLogger.java : 159] ==> Parameters: 
2019-01-21 15:47:33,501 [DEBUG] [http-nio-8081-exec-7] io.club.modules.sys.dao.SysMenuDao.selectList [BaseJdbcLogger.java : 159] <==      Total: 34
2019-01-21 15:47:33,508 [DEBUG] [http-nio-8081-exec-7] io.club.modules.sys.dao.SysMenuDao.selectList [BaseJdbcLogger.java : 159] ==>  Preparing: SELECT menu_id AS menuId,parent_id AS parentId,`name`,url,perms,`type`,icon,order_num AS orderNum FROM sys_menu 
2019-01-21 15:47:33,509 [DEBUG] [http-nio-8081-exec-7] io.club.modules.sys.dao.SysMenuDao.selectList [BaseJdbcLogger.java : 159] ==> Parameters: 
2019-01-21 15:47:33,525 [DEBUG] [http-nio-8081-exec-7] io.club.modules.sys.dao.SysMenuDao.selectList [BaseJdbcLogger.java : 159] <==      Total: 34
2019-01-21 15:47:33,610 [DEBUG] [http-nio-8081-exec-7] io.club.modules.sys.dao.VipDao.selectPage [BaseJdbcLogger.java : 159] ==>  Preparing: SELECT COUNT(1) FROM vip WHERE del_flag = 0 
2019-01-21 15:47:33,611 [DEBUG] [http-nio-8081-exec-7] io.club.modules.sys.dao.VipDao.selectPage [BaseJdbcLogger.java : 159] ==> Parameters: 
2019-01-21 15:47:33,631 [DEBUG] [http-nio-8081-exec-7] io.club.modules.sys.dao.VipDao.selectPage [BaseJdbcLogger.java : 159] ==>  Preparing: SELECT id AS id,`name`,phone,card_no AS cardNo,balance,latest,money,del_flag AS delFlag FROM vip WHERE del_flag=0 LIMIT 0,10 
2019-01-21 15:47:33,632 [DEBUG] [http-nio-8081-exec-7] io.club.modules.sys.dao.VipDao.selectPage [BaseJdbcLogger.java : 159] ==> Parameters: 
2019-01-21 15:47:33,647 [DEBUG] [http-nio-8081-exec-7] io.club.modules.sys.dao.VipDao.selectPage [BaseJdbcLogger.java : 159] <==      Total: 2
2019-01-21 15:47:35,924 [DEBUG] [http-nio-8081-exec-9] io.club.modules.sys.dao.SysMenuDao.selectList [BaseJdbcLogger.java : 159] ==>  Preparing: SELECT menu_id AS menuId,parent_id AS parentId,`name`,url,perms,`type`,icon,order_num AS orderNum FROM sys_menu 
2019-01-21 15:47:35,925 [DEBUG] [http-nio-8081-exec-9] io.club.modules.sys.dao.SysMenuDao.selectList [BaseJdbcLogger.java : 159] ==> Parameters: 
2019-01-21 15:47:35,940 [DEBUG] [http-nio-8081-exec-9] io.club.modules.sys.dao.SysMenuDao.selectList [BaseJdbcLogger.java : 159] <==      Total: 34
2019-01-21 15:47:35,942 [DEBUG] [http-nio-8081-exec-9] io.club.modules.sys.dao.SysMenuDao.selectList [BaseJdbcLogger.java : 159] ==>  Preparing: SELECT menu_id AS menuId,parent_id AS parentId,`name`,url,perms,`type`,icon,order_num AS orderNum FROM sys_menu 
2019-01-21 15:47:35,942 [DEBUG] [http-nio-8081-exec-9] io.club.modules.sys.dao.SysMenuDao.selectList [BaseJdbcLogger.java : 159] ==> Parameters: 
2019-01-21 15:47:36,043 [DEBUG] [http-nio-8081-exec-9] io.club.modules.sys.dao.SysMenuDao.selectList [BaseJdbcLogger.java : 159] <==      Total: 34
2019-01-21 15:47:36,045 [DEBUG] [http-nio-8081-exec-9] io.club.modules.sys.dao.SysMenuDao.selectList [BaseJdbcLogger.java : 159] ==>  Preparing: SELECT menu_id AS menuId,parent_id AS parentId,`name`,url,perms,`type`,icon,order_num AS orderNum FROM sys_menu 
2019-01-21 15:47:36,046 [DEBUG] [http-nio-8081-exec-9] io.club.modules.sys.dao.SysMenuDao.selectList [BaseJdbcLogger.java : 159] ==> Parameters: 
2019-01-21 15:47:36,062 [DEBUG] [http-nio-8081-exec-9] io.club.modules.sys.dao.SysMenuDao.selectList [BaseJdbcLogger.java : 159] <==      Total: 34
2019-01-21 15:47:36,231 [DEBUG] [http-nio-8081-exec-13] io.club.modules.sys.dao.SysMenuDao.selectList [BaseJdbcLogger.java : 159] ==>  Preparing: SELECT menu_id AS menuId,parent_id AS parentId,`name`,url,perms,`type`,icon,order_num AS orderNum FROM sys_menu 
2019-01-21 15:47:36,232 [DEBUG] [http-nio-8081-exec-13] io.club.modules.sys.dao.SysMenuDao.selectList [BaseJdbcLogger.java : 159] ==> Parameters: 
2019-01-21 15:47:36,246 [DEBUG] [http-nio-8081-exec-13] io.club.modules.sys.dao.SysMenuDao.selectList [BaseJdbcLogger.java : 159] <==      Total: 34
2019-01-21 15:47:36,251 [DEBUG] [http-nio-8081-exec-13] io.club.modules.sys.dao.SysMenuDao.selectList [BaseJdbcLogger.java : 159] ==>  Preparing: SELECT menu_id AS menuId,parent_id AS parentId,`name`,url,perms,`type`,icon,order_num AS orderNum FROM sys_menu 
2019-01-21 15:47:36,255 [DEBUG] [http-nio-8081-exec-13] io.club.modules.sys.dao.SysMenuDao.selectList [BaseJdbcLogger.java : 159] ==> Parameters: 
2019-01-21 15:47:36,272 [DEBUG] [http-nio-8081-exec-13] io.club.modules.sys.dao.SysMenuDao.selectList [BaseJdbcLogger.java : 159] <==      Total: 34
2019-01-21 15:47:36,289 [DEBUG] [http-nio-8081-exec-13] io.club.modules.sys.dao.ProductDao.selectPage [BaseJdbcLogger.java : 159] ==>  Preparing: SELECT COUNT(1) FROM product WHERE (status = ?) 
2019-01-21 15:47:36,292 [DEBUG] [http-nio-8081-exec-13] io.club.modules.sys.dao.ProductDao.selectPage [BaseJdbcLogger.java : 159] ==> Parameters: 1(Integer)
2019-01-21 15:47:36,305 [DEBUG] [http-nio-8081-exec-13] io.club.modules.sys.dao.ProductDao.selectPage [BaseJdbcLogger.java : 159] ==>  Preparing: SELECT id AS id,`name`,price FROM product WHERE (status = ?) LIMIT 0,10 
2019-01-21 15:47:36,306 [DEBUG] [http-nio-8081-exec-13] io.club.modules.sys.dao.ProductDao.selectPage [BaseJdbcLogger.java : 159] ==> Parameters: 1(Integer)
2019-01-21 15:47:36,324 [DEBUG] [http-nio-8081-exec-13] io.club.modules.sys.dao.ProductDao.selectPage [BaseJdbcLogger.java : 159] <==      Total: 3
2019-01-21 15:47:37,281 [DEBUG] [http-nio-8081-exec-12] io.club.modules.sys.dao.SysMenuDao.selectList [BaseJdbcLogger.java : 159] ==>  Preparing: SELECT menu_id AS menuId,parent_id AS parentId,`name`,url,perms,`type`,icon,order_num AS orderNum FROM sys_menu 
2019-01-21 15:47:37,282 [DEBUG] [http-nio-8081-exec-12] io.club.modules.sys.dao.SysMenuDao.selectList [BaseJdbcLogger.java : 159] ==> Parameters: 
2019-01-21 15:47:37,299 [DEBUG] [http-nio-8081-exec-12] io.club.modules.sys.dao.SysMenuDao.selectList [BaseJdbcLogger.java : 159] <==      Total: 34
2019-01-21 15:47:37,301 [DEBUG] [http-nio-8081-exec-12] io.club.modules.sys.dao.SysMenuDao.selectList [BaseJdbcLogger.java : 159] ==>  Preparing: SELECT menu_id AS menuId,parent_id AS parentId,`name`,url,perms,`type`,icon,order_num AS orderNum FROM sys_menu 
2019-01-21 15:47:37,302 [DEBUG] [http-nio-8081-exec-12] io.club.modules.sys.dao.SysMenuDao.selectList [BaseJdbcLogger.java : 159] ==> Parameters: 
2019-01-21 15:47:37,317 [DEBUG] [http-nio-8081-exec-12] io.club.modules.sys.dao.SysMenuDao.selectList [BaseJdbcLogger.java : 159] <==      Total: 34
2019-01-21 15:47:37,319 [DEBUG] [http-nio-8081-exec-12] io.club.modules.sys.dao.SysMenuDao.selectList [BaseJdbcLogger.java : 159] ==>  Preparing: SELECT menu_id AS menuId,parent_id AS parentId,`name`,url,perms,`type`,icon,order_num AS orderNum FROM sys_menu 
2019-01-21 15:47:37,319 [DEBUG] [http-nio-8081-exec-12] io.club.modules.sys.dao.SysMenuDao.selectList [BaseJdbcLogger.java : 159] ==> Parameters: 
2019-01-21 15:47:37,337 [DEBUG] [http-nio-8081-exec-12] io.club.modules.sys.dao.SysMenuDao.selectList [BaseJdbcLogger.java : 159] <==      Total: 34
2019-01-21 15:47:37,403 [DEBUG] [http-nio-8081-exec-14] io.club.modules.sys.dao.SysMenuDao.selectList [BaseJdbcLogger.java : 159] ==>  Preparing: SELECT menu_id AS menuId,parent_id AS parentId,`name`,url,perms,`type`,icon,order_num AS orderNum FROM sys_menu 
2019-01-21 15:47:37,404 [DEBUG] [http-nio-8081-exec-14] io.club.modules.sys.dao.SysMenuDao.selectList [BaseJdbcLogger.java : 159] ==> Parameters: 
2019-01-21 15:47:37,419 [DEBUG] [http-nio-8081-exec-14] io.club.modules.sys.dao.SysMenuDao.selectList [BaseJdbcLogger.java : 159] <==      Total: 34
2019-01-21 15:47:37,421 [DEBUG] [http-nio-8081-exec-14] io.club.modules.sys.dao.SysMenuDao.selectList [BaseJdbcLogger.java : 159] ==>  Preparing: SELECT menu_id AS menuId,parent_id AS parentId,`name`,url,perms,`type`,icon,order_num AS orderNum FROM sys_menu 
2019-01-21 15:47:37,422 [DEBUG] [http-nio-8081-exec-14] io.club.modules.sys.dao.SysMenuDao.selectList [BaseJdbcLogger.java : 159] ==> Parameters: 
2019-01-21 15:47:37,436 [DEBUG] [http-nio-8081-exec-14] io.club.modules.sys.dao.SysMenuDao.selectList [BaseJdbcLogger.java : 159] <==      Total: 34
2019-01-21 15:47:37,439 [DEBUG] [http-nio-8081-exec-14] io.club.modules.sys.dao.VipDao.selectPage [BaseJdbcLogger.java : 159] ==>  Preparing: SELECT COUNT(1) FROM vip WHERE del_flag = 0 
2019-01-21 15:47:37,440 [DEBUG] [http-nio-8081-exec-14] io.club.modules.sys.dao.VipDao.selectPage [BaseJdbcLogger.java : 159] ==> Parameters: 
2019-01-21 15:47:37,452 [DEBUG] [http-nio-8081-exec-14] io.club.modules.sys.dao.VipDao.selectPage [BaseJdbcLogger.java : 159] ==>  Preparing: SELECT id AS id,`name`,phone,card_no AS cardNo,balance,latest,money,del_flag AS delFlag FROM vip WHERE del_flag=0 LIMIT 0,10 
2019-01-21 15:47:37,453 [DEBUG] [http-nio-8081-exec-14] io.club.modules.sys.dao.VipDao.selectPage [BaseJdbcLogger.java : 159] ==> Parameters: 
2019-01-21 15:47:37,469 [DEBUG] [http-nio-8081-exec-14] io.club.modules.sys.dao.VipDao.selectPage [BaseJdbcLogger.java : 159] <==      Total: 2
2019-01-21 15:47:38,133 [DEBUG] [http-nio-8081-exec-17] io.club.modules.sys.dao.SysMenuDao.selectList [BaseJdbcLogger.java : 159] ==>  Preparing: SELECT menu_id AS menuId,parent_id AS parentId,`name`,url,perms,`type`,icon,order_num AS orderNum FROM sys_menu 
2019-01-21 15:47:38,134 [DEBUG] [http-nio-8081-exec-17] io.club.modules.sys.dao.SysMenuDao.selectList [BaseJdbcLogger.java : 159] ==> Parameters: 
2019-01-21 15:47:38,149 [DEBUG] [http-nio-8081-exec-17] io.club.modules.sys.dao.SysMenuDao.selectList [BaseJdbcLogger.java : 159] <==      Total: 34
2019-01-21 15:47:38,151 [DEBUG] [http-nio-8081-exec-17] io.club.modules.sys.dao.SysMenuDao.selectList [BaseJdbcLogger.java : 159] ==>  Preparing: SELECT menu_id AS menuId,parent_id AS parentId,`name`,url,perms,`type`,icon,order_num AS orderNum FROM sys_menu 
2019-01-21 15:47:38,151 [DEBUG] [http-nio-8081-exec-17] io.club.modules.sys.dao.SysMenuDao.selectList [BaseJdbcLogger.java : 159] ==> Parameters: 
2019-01-21 15:47:38,177 [DEBUG] [http-nio-8081-exec-17] io.club.modules.sys.dao.SysMenuDao.selectList [BaseJdbcLogger.java : 159] <==      Total: 34
2019-01-21 15:47:38,178 [DEBUG] [http-nio-8081-exec-17] io.club.modules.sys.dao.SysMenuDao.selectList [BaseJdbcLogger.java : 159] ==>  Preparing: SELECT menu_id AS menuId,parent_id AS parentId,`name`,url,perms,`type`,icon,order_num AS orderNum FROM sys_menu 
2019-01-21 15:47:38,178 [DEBUG] [http-nio-8081-exec-17] io.club.modules.sys.dao.SysMenuDao.selectList [BaseJdbcLogger.java : 159] ==> Parameters: 
2019-01-21 15:47:38,191 [DEBUG] [http-nio-8081-exec-17] io.club.modules.sys.dao.SysMenuDao.selectList [BaseJdbcLogger.java : 159] <==      Total: 34
2019-01-21 15:47:38,256 [DEBUG] [http-nio-8081-exec-19] io.club.modules.sys.dao.SysMenuDao.selectList [BaseJdbcLogger.java : 159] ==>  Preparing: SELECT menu_id AS menuId,parent_id AS parentId,`name`,url,perms,`type`,icon,order_num AS orderNum FROM sys_menu 
2019-01-21 15:47:38,257 [DEBUG] [http-nio-8081-exec-19] io.club.modules.sys.dao.SysMenuDao.selectList [BaseJdbcLogger.java : 159] ==> Parameters: 
2019-01-21 15:47:38,272 [DEBUG] [http-nio-8081-exec-19] io.club.modules.sys.dao.SysMenuDao.selectList [BaseJdbcLogger.java : 159] <==      Total: 34
2019-01-21 15:47:38,273 [DEBUG] [http-nio-8081-exec-19] io.club.modules.sys.dao.SysMenuDao.selectList [BaseJdbcLogger.java : 159] ==>  Preparing: SELECT menu_id AS menuId,parent_id AS parentId,`name`,url,perms,`type`,icon,order_num AS orderNum FROM sys_menu 
2019-01-21 15:47:38,274 [DEBUG] [http-nio-8081-exec-19] io.club.modules.sys.dao.SysMenuDao.selectList [BaseJdbcLogger.java : 159] ==> Parameters: 
2019-01-21 15:47:38,288 [DEBUG] [http-nio-8081-exec-19] io.club.modules.sys.dao.SysMenuDao.selectList [BaseJdbcLogger.java : 159] <==      Total: 34
2019-01-21 15:47:38,290 [DEBUG] [http-nio-8081-exec-19] io.club.modules.sys.dao.ProductDao.selectPage [BaseJdbcLogger.java : 159] ==>  Preparing: SELECT COUNT(1) FROM product WHERE (status = ?) 
2019-01-21 15:47:38,291 [DEBUG] [http-nio-8081-exec-19] io.club.modules.sys.dao.ProductDao.selectPage [BaseJdbcLogger.java : 159] ==> Parameters: 1(Integer)
2019-01-21 15:47:38,304 [DEBUG] [http-nio-8081-exec-19] io.club.modules.sys.dao.ProductDao.selectPage [BaseJdbcLogger.java : 159] ==>  Preparing: SELECT id AS id,`name`,price FROM product WHERE (status = ?) LIMIT 0,10 
2019-01-21 15:47:38,305 [DEBUG] [http-nio-8081-exec-19] io.club.modules.sys.dao.ProductDao.selectPage [BaseJdbcLogger.java : 159] ==> Parameters: 1(Integer)
2019-01-21 15:47:38,322 [DEBUG] [http-nio-8081-exec-19] io.club.modules.sys.dao.ProductDao.selectPage [BaseJdbcLogger.java : 159] <==      Total: 3
2019-01-21 15:47:41,150 [DEBUG] [http-nio-8081-exec-10] io.club.modules.sys.dao.SysMenuDao.queryListParentId [BaseJdbcLogger.java : 159] ==>  Preparing: select * from sys_menu where parent_id = ? order by order_num asc 
2019-01-21 15:47:41,151 [DEBUG] [http-nio-8081-exec-10] io.club.modules.sys.dao.SysMenuDao.queryListParentId [BaseJdbcLogger.java : 159] ==> Parameters: 0(Long)
2019-01-21 15:47:41,165 [DEBUG] [http-nio-8081-exec-10] io.club.modules.sys.dao.SysMenuDao.queryListParentId [BaseJdbcLogger.java : 159] <==      Total: 6
2019-01-21 15:47:41,165 [DEBUG] [http-nio-8081-exec-29] io.club.modules.sys.dao.SysMenuDao.selectList [BaseJdbcLogger.java : 159] ==>  Preparing: SELECT menu_id AS menuId,parent_id AS parentId,`name`,url,perms,`type`,icon,order_num AS orderNum FROM sys_menu 
2019-01-21 15:47:41,166 [DEBUG] [http-nio-8081-exec-29] io.club.modules.sys.dao.SysMenuDao.selectList [BaseJdbcLogger.java : 159] ==> Parameters: 
2019-01-21 15:47:41,180 [DEBUG] [http-nio-8081-exec-29] io.club.modules.sys.dao.SysMenuDao.selectList [BaseJdbcLogger.java : 159] <==      Total: 34
2019-01-21 15:47:41,181 [DEBUG] [http-nio-8081-exec-10] io.club.modules.sys.dao.SysMenuDao.queryListParentId [BaseJdbcLogger.java : 159] ==>  Preparing: select * from sys_menu where parent_id = ? order by order_num asc 
2019-01-21 15:47:41,182 [DEBUG] [http-nio-8081-exec-10] io.club.modules.sys.dao.SysMenuDao.queryListParentId [BaseJdbcLogger.java : 159] ==> Parameters: 1(Long)
2019-01-21 15:47:41,196 [DEBUG] [http-nio-8081-exec-10] io.club.modules.sys.dao.SysMenuDao.queryListParentId [BaseJdbcLogger.java : 159] <==      Total: 2
2019-01-21 15:47:41,198 [DEBUG] [http-nio-8081-exec-29] io.club.modules.sys.dao.SysMenuDao.selectList [BaseJdbcLogger.java : 159] ==>  Preparing: SELECT menu_id AS menuId,parent_id AS parentId,`name`,url,perms,`type`,icon,order_num AS orderNum FROM sys_menu 
2019-01-21 15:47:41,199 [DEBUG] [http-nio-8081-exec-29] io.club.modules.sys.dao.SysMenuDao.selectList [BaseJdbcLogger.java : 159] ==> Parameters: 
2019-01-21 15:47:41,211 [DEBUG] [http-nio-8081-exec-29] io.club.modules.sys.dao.SysMenuDao.selectList [BaseJdbcLogger.java : 159] <==      Total: 34
2019-01-21 15:47:41,213 [DEBUG] [http-nio-8081-exec-10] io.club.modules.sys.dao.SysMenuDao.queryListParentId [BaseJdbcLogger.java : 159] ==>  Preparing: select * from sys_menu where parent_id = ? order by order_num asc 
2019-01-21 15:47:41,214 [DEBUG] [http-nio-8081-exec-10] io.club.modules.sys.dao.SysMenuDao.queryListParentId [BaseJdbcLogger.java : 159] ==> Parameters: 41(Long)
2019-01-21 15:47:41,230 [DEBUG] [http-nio-8081-exec-10] io.club.modules.sys.dao.SysMenuDao.queryListParentId [BaseJdbcLogger.java : 159] <==      Total: 2
2019-01-21 15:47:41,234 [DEBUG] [http-nio-8081-exec-29] io.club.modules.sys.dao.SysMenuDao.selectList [BaseJdbcLogger.java : 159] ==>  Preparing: SELECT menu_id AS menuId,parent_id AS parentId,`name`,url,perms,`type`,icon,order_num AS orderNum FROM sys_menu 
2019-01-21 15:47:41,237 [DEBUG] [http-nio-8081-exec-29] io.club.modules.sys.dao.SysMenuDao.selectList [BaseJdbcLogger.java : 159] ==> Parameters: 
2019-01-21 15:47:41,254 [DEBUG] [http-nio-8081-exec-29] io.club.modules.sys.dao.SysMenuDao.selectList [BaseJdbcLogger.java : 159] <==      Total: 34
2019-01-21 15:47:41,285 [DEBUG] [http-nio-8081-exec-30] io.club.modules.sys.dao.SysMenuDao.selectList [BaseJdbcLogger.java : 159] ==>  Preparing: SELECT menu_id AS menuId,parent_id AS parentId,`name`,url,perms,`type`,icon,order_num AS orderNum FROM sys_menu 
2019-01-21 15:47:41,285 [DEBUG] [http-nio-8081-exec-30] io.club.modules.sys.dao.SysMenuDao.selectList [BaseJdbcLogger.java : 159] ==> Parameters: 
2019-01-21 15:47:41,302 [DEBUG] [http-nio-8081-exec-30] io.club.modules.sys.dao.SysMenuDao.selectList [BaseJdbcLogger.java : 159] <==      Total: 34
2019-01-21 15:47:41,303 [DEBUG] [http-nio-8081-exec-30] io.club.modules.sys.dao.SysMenuDao.selectList [BaseJdbcLogger.java : 159] ==>  Preparing: SELECT menu_id AS menuId,parent_id AS parentId,`name`,url,perms,`type`,icon,order_num AS orderNum FROM sys_menu 
2019-01-21 15:47:41,304 [DEBUG] [http-nio-8081-exec-30] io.club.modules.sys.dao.SysMenuDao.selectList [BaseJdbcLogger.java : 159] ==> Parameters: 
2019-01-21 15:47:41,318 [DEBUG] [http-nio-8081-exec-30] io.club.modules.sys.dao.SysMenuDao.selectList [BaseJdbcLogger.java : 159] <==      Total: 34
2019-01-21 15:47:41,323 [DEBUG] [http-nio-8081-exec-30] io.club.modules.sys.dao.SysMenuDao.selectList [BaseJdbcLogger.java : 159] ==>  Preparing: SELECT menu_id AS menuId,parent_id AS parentId,`name`,url,perms,`type`,icon,order_num AS orderNum FROM sys_menu 
2019-01-21 15:47:41,325 [DEBUG] [http-nio-8081-exec-30] io.club.modules.sys.dao.SysMenuDao.selectList [BaseJdbcLogger.java : 159] ==> Parameters: 
2019-01-21 15:47:41,344 [DEBUG] [http-nio-8081-exec-30] io.club.modules.sys.dao.SysMenuDao.selectList [BaseJdbcLogger.java : 159] <==      Total: 34
2019-01-21 15:47:41,548 [DEBUG] [http-nio-8081-exec-11] io.club.modules.sys.dao.SysMenuDao.selectList [BaseJdbcLogger.java : 159] ==>  Preparing: SELECT menu_id AS menuId,parent_id AS parentId,`name`,url,perms,`type`,icon,order_num AS orderNum FROM sys_menu 
2019-01-21 15:47:41,549 [DEBUG] [http-nio-8081-exec-11] io.club.modules.sys.dao.SysMenuDao.selectList [BaseJdbcLogger.java : 159] ==> Parameters: 
2019-01-21 15:47:41,563 [DEBUG] [http-nio-8081-exec-11] io.club.modules.sys.dao.SysMenuDao.selectList [BaseJdbcLogger.java : 159] <==      Total: 34
2019-01-21 15:47:41,565 [DEBUG] [http-nio-8081-exec-11] io.club.modules.sys.dao.SysMenuDao.selectList [BaseJdbcLogger.java : 159] ==>  Preparing: SELECT menu_id AS menuId,parent_id AS parentId,`name`,url,perms,`type`,icon,order_num AS orderNum FROM sys_menu 
2019-01-21 15:47:41,565 [DEBUG] [http-nio-8081-exec-11] io.club.modules.sys.dao.SysMenuDao.selectList [BaseJdbcLogger.java : 159] ==> Parameters: 
2019-01-21 15:47:41,579 [DEBUG] [http-nio-8081-exec-11] io.club.modules.sys.dao.SysMenuDao.selectList [BaseJdbcLogger.java : 159] <==      Total: 34
2019-01-21 15:47:41,581 [DEBUG] [http-nio-8081-exec-11] io.club.modules.sys.dao.ProductDao.selectPage [BaseJdbcLogger.java : 159] ==>  Preparing: SELECT COUNT(1) FROM product WHERE (status = ?) 
2019-01-21 15:47:41,582 [DEBUG] [http-nio-8081-exec-11] io.club.modules.sys.dao.ProductDao.selectPage [BaseJdbcLogger.java : 159] ==> Parameters: 1(Integer)
2019-01-21 15:47:41,604 [DEBUG] [http-nio-8081-exec-11] io.club.modules.sys.dao.ProductDao.selectPage [BaseJdbcLogger.java : 159] ==>  Preparing: SELECT id AS id,`name`,price FROM product WHERE (status = ?) LIMIT 0,10 
2019-01-21 15:47:41,607 [DEBUG] [http-nio-8081-exec-11] io.club.modules.sys.dao.ProductDao.selectPage [BaseJdbcLogger.java : 159] ==> Parameters: 1(Integer)
2019-01-21 15:47:41,628 [DEBUG] [http-nio-8081-exec-11] io.club.modules.sys.dao.ProductDao.selectPage [BaseJdbcLogger.java : 159] <==      Total: 3
2019-01-21 15:47:59,913 [DEBUG] [http-nio-8081-exec-14] io.club.modules.sys.dao.SysMenuDao.selectList [BaseJdbcLogger.java : 159] ==>  Preparing: SELECT menu_id AS menuId,parent_id AS parentId,`name`,url,perms,`type`,icon,order_num AS orderNum FROM sys_menu 
2019-01-21 15:47:59,914 [DEBUG] [http-nio-8081-exec-14] io.club.modules.sys.dao.SysMenuDao.selectList [BaseJdbcLogger.java : 159] ==> Parameters: 
2019-01-21 15:47:59,928 [DEBUG] [http-nio-8081-exec-14] io.club.modules.sys.dao.SysMenuDao.selectList [BaseJdbcLogger.java : 159] <==      Total: 34
2019-01-21 15:47:59,930 [DEBUG] [http-nio-8081-exec-14] io.club.modules.sys.dao.SysMenuDao.selectList [BaseJdbcLogger.java : 159] ==>  Preparing: SELECT menu_id AS menuId,parent_id AS parentId,`name`,url,perms,`type`,icon,order_num AS orderNum FROM sys_menu 
2019-01-21 15:47:59,930 [DEBUG] [http-nio-8081-exec-14] io.club.modules.sys.dao.SysMenuDao.selectList [BaseJdbcLogger.java : 159] ==> Parameters: 
2019-01-21 15:47:59,942 [DEBUG] [http-nio-8081-exec-14] io.club.modules.sys.dao.SysMenuDao.selectList [BaseJdbcLogger.java : 159] <==      Total: 34
2019-01-21 15:47:59,943 [DEBUG] [http-nio-8081-exec-14] io.club.modules.sys.dao.SysMenuDao.selectList [BaseJdbcLogger.java : 159] ==>  Preparing: SELECT menu_id AS menuId,parent_id AS parentId,`name`,url,perms,`type`,icon,order_num AS orderNum FROM sys_menu 
2019-01-21 15:47:59,944 [DEBUG] [http-nio-8081-exec-14] io.club.modules.sys.dao.SysMenuDao.selectList [BaseJdbcLogger.java : 159] ==> Parameters: 
2019-01-21 15:47:59,958 [DEBUG] [http-nio-8081-exec-14] io.club.modules.sys.dao.SysMenuDao.selectList [BaseJdbcLogger.java : 159] <==      Total: 34
2019-01-21 15:48:00,187 [DEBUG] [http-nio-8081-exec-16] io.club.modules.sys.dao.SysMenuDao.selectList [BaseJdbcLogger.java : 159] ==>  Preparing: SELECT menu_id AS menuId,parent_id AS parentId,`name`,url,perms,`type`,icon,order_num AS orderNum FROM sys_menu 
2019-01-21 15:48:00,188 [DEBUG] [http-nio-8081-exec-16] io.club.modules.sys.dao.SysMenuDao.selectList [BaseJdbcLogger.java : 159] ==> Parameters: 
2019-01-21 15:48:00,202 [DEBUG] [http-nio-8081-exec-16] io.club.modules.sys.dao.SysMenuDao.selectList [BaseJdbcLogger.java : 159] <==      Total: 34
2019-01-21 15:48:00,204 [DEBUG] [http-nio-8081-exec-16] io.club.modules.sys.dao.SysMenuDao.selectList [BaseJdbcLogger.java : 159] ==>  Preparing: SELECT menu_id AS menuId,parent_id AS parentId,`name`,url,perms,`type`,icon,order_num AS orderNum FROM sys_menu 
2019-01-21 15:48:00,204 [DEBUG] [http-nio-8081-exec-16] io.club.modules.sys.dao.SysMenuDao.selectList [BaseJdbcLogger.java : 159] ==> Parameters: 
2019-01-21 15:48:00,219 [DEBUG] [http-nio-8081-exec-16] io.club.modules.sys.dao.SysMenuDao.selectList [BaseJdbcLogger.java : 159] <==      Total: 34
2019-01-21 15:48:00,223 [DEBUG] [http-nio-8081-exec-16] io.club.modules.sys.dao.ProductDao.selectPage [BaseJdbcLogger.java : 159] ==>  Preparing: SELECT COUNT(1) FROM product WHERE (status = ?) 
2019-01-21 15:48:00,224 [DEBUG] [http-nio-8081-exec-16] io.club.modules.sys.dao.ProductDao.selectPage [BaseJdbcLogger.java : 159] ==> Parameters: 1(Integer)
2019-01-21 15:48:00,241 [DEBUG] [http-nio-8081-exec-16] io.club.modules.sys.dao.ProductDao.selectPage [BaseJdbcLogger.java : 159] ==>  Preparing: SELECT id AS id,`name`,price FROM product WHERE (status = ?) LIMIT 0,10 
2019-01-21 15:48:00,242 [DEBUG] [http-nio-8081-exec-16] io.club.modules.sys.dao.ProductDao.selectPage [BaseJdbcLogger.java : 159] ==> Parameters: 1(Integer)
2019-01-21 15:48:00,257 [DEBUG] [http-nio-8081-exec-16] io.club.modules.sys.dao.ProductDao.selectPage [BaseJdbcLogger.java : 159] <==      Total: 3
2019-01-21 15:48:10,539 [DEBUG] [http-nio-8081-exec-27] io.club.modules.sys.dao.SysMenuDao.selectList [BaseJdbcLogger.java : 159] ==>  Preparing: SELECT menu_id AS menuId,parent_id AS parentId,`name`,url,perms,`type`,icon,order_num AS orderNum FROM sys_menu 
2019-01-21 15:48:10,540 [DEBUG] [http-nio-8081-exec-27] io.club.modules.sys.dao.SysMenuDao.selectList [BaseJdbcLogger.java : 159] ==> Parameters: 
2019-01-21 15:48:10,554 [DEBUG] [http-nio-8081-exec-27] io.club.modules.sys.dao.SysMenuDao.selectList [BaseJdbcLogger.java : 159] <==      Total: 34
2019-01-21 15:48:10,556 [DEBUG] [http-nio-8081-exec-27] io.club.modules.sys.dao.SysMenuDao.selectList [BaseJdbcLogger.java : 159] ==>  Preparing: SELECT menu_id AS menuId,parent_id AS parentId,`name`,url,perms,`type`,icon,order_num AS orderNum FROM sys_menu 
2019-01-21 15:48:10,556 [DEBUG] [http-nio-8081-exec-27] io.club.modules.sys.dao.SysMenuDao.selectList [BaseJdbcLogger.java : 159] ==> Parameters: 
2019-01-21 15:48:10,569 [DEBUG] [http-nio-8081-exec-27] io.club.modules.sys.dao.SysMenuDao.selectList [BaseJdbcLogger.java : 159] <==      Total: 34
2019-01-21 15:48:10,571 [DEBUG] [http-nio-8081-exec-27] io.club.modules.sys.dao.SysMenuDao.selectList [BaseJdbcLogger.java : 159] ==>  Preparing: SELECT menu_id AS menuId,parent_id AS parentId,`name`,url,perms,`type`,icon,order_num AS orderNum FROM sys_menu 
2019-01-21 15:48:10,572 [DEBUG] [http-nio-8081-exec-27] io.club.modules.sys.dao.SysMenuDao.selectList [BaseJdbcLogger.java : 159] ==> Parameters: 
2019-01-21 15:48:10,587 [DEBUG] [http-nio-8081-exec-27] io.club.modules.sys.dao.SysMenuDao.selectList [BaseJdbcLogger.java : 159] <==      Total: 34
2019-01-21 15:48:10,849 [DEBUG] [http-nio-8081-exec-24] io.club.modules.sys.dao.SysMenuDao.selectList [BaseJdbcLogger.java : 159] ==>  Preparing: SELECT menu_id AS menuId,parent_id AS parentId,`name`,url,perms,`type`,icon,order_num AS orderNum FROM sys_menu 
2019-01-21 15:48:10,850 [DEBUG] [http-nio-8081-exec-24] io.club.modules.sys.dao.SysMenuDao.selectList [BaseJdbcLogger.java : 159] ==> Parameters: 
2019-01-21 15:48:10,862 [DEBUG] [http-nio-8081-exec-24] io.club.modules.sys.dao.SysMenuDao.selectList [BaseJdbcLogger.java : 159] <==      Total: 34
2019-01-21 15:48:10,864 [DEBUG] [http-nio-8081-exec-24] io.club.modules.sys.dao.SysMenuDao.selectList [BaseJdbcLogger.java : 159] ==>  Preparing: SELECT menu_id AS menuId,parent_id AS parentId,`name`,url,perms,`type`,icon,order_num AS orderNum FROM sys_menu 
2019-01-21 15:48:10,865 [DEBUG] [http-nio-8081-exec-24] io.club.modules.sys.dao.SysMenuDao.selectList [BaseJdbcLogger.java : 159] ==> Parameters: 
2019-01-21 15:48:10,880 [DEBUG] [http-nio-8081-exec-24] io.club.modules.sys.dao.SysMenuDao.selectList [BaseJdbcLogger.java : 159] <==      Total: 34
2019-01-21 15:48:10,883 [DEBUG] [http-nio-8081-exec-24] io.club.modules.sys.dao.VipDao.selectPage [BaseJdbcLogger.java : 159] ==>  Preparing: SELECT COUNT(1) FROM vip WHERE del_flag = 0 
2019-01-21 15:48:10,883 [DEBUG] [http-nio-8081-exec-24] io.club.modules.sys.dao.VipDao.selectPage [BaseJdbcLogger.java : 159] ==> Parameters: 
2019-01-21 15:48:10,895 [DEBUG] [http-nio-8081-exec-24] io.club.modules.sys.dao.VipDao.selectPage [BaseJdbcLogger.java : 159] ==>  Preparing: SELECT id AS id,`name`,phone,card_no AS cardNo,balance,latest,money,del_flag AS delFlag FROM vip WHERE del_flag=0 LIMIT 0,10 
2019-01-21 15:48:10,896 [DEBUG] [http-nio-8081-exec-24] io.club.modules.sys.dao.VipDao.selectPage [BaseJdbcLogger.java : 159] ==> Parameters: 
2019-01-21 15:48:10,909 [DEBUG] [http-nio-8081-exec-24] io.club.modules.sys.dao.VipDao.selectPage [BaseJdbcLogger.java : 159] <==      Total: 2
